{
  "RSpec": {
    "coverage": {
      "/Users/Meder/Desktop/TradeRev/software-developer-coding-challenge/app/uploaders/image_uploader.rb": [
        0,
        null,
        null,
        0,
        null,
        null,
        0,
        null,
        null,
        null,
        null,
        0,
        0,
        0,
        null,
        null,
        null,
        null,
        null,
        null,
        null,
        null,
        null,
        null,
        null,
        null,
        null,
        null,
        null,
        null,
        null,
        null,
        null,
        null,
        null,
        0,
        0,
        0,
        null,
        null,
        null,
        0,
        0,
        0,
        null,
        null,
        null,
        null,
        null,
        null,
        0
      ],
      "/Users/Meder/Desktop/TradeRev/software-developer-coding-challenge/app/mailers/application_mailer.rb": [
        0,
        0,
        0,
        0
      ],
      "/Users/Meder/Desktop/TradeRev/software-developer-coding-challenge/app/models/auction.rb": [
        0,
        0,
        0,
        0,
        null,
        0,
        0,
        0,
        0,
        0,
        0
      ],
      "/Users/Meder/Desktop/TradeRev/software-developer-coding-challenge/app/models/bid.rb": [
        0,
        0,
        0,
        null,
        0,
        0,
        0,
        null,
        0,
        0,
        0,
        0
      ],
      "/Users/Meder/Desktop/TradeRev/software-developer-coding-challenge/app/models/application_record.rb": [
        0,
        0,
        0
      ],
      "/Users/Meder/Desktop/TradeRev/software-developer-coding-challenge/app/models/user.rb": [
        0,
        null,
        null,
        null,
        0,
        0,
        null,
        0,
        0,
        null,
        0,
        0,
        0,
        0,
        0,
        null,
        0
      ],
      "/Users/Meder/Desktop/TradeRev/software-developer-coding-challenge/app/seeders/auction_seeder.rb": [
        0,
        0,
        0,
        0,
        0,
        0,
        0,
        0,
        0,
        0,
        0,
        0,
        0,
        0,
        0,
        0,
        0,
        0,
        0,
        0,
        0,
        0,
        0,
        0,
        0,
        0,
        0,
        0,
        0,
        0,
        0,
        0,
        0,
        0,
        0,
        0,
        0,
        0,
        0,
        0,
        0,
        0,
        0,
        0,
        0,
        0,
        0,
        0,
        0,
        0,
        0,
        0,
        0,
        null,
        0,
        0,
        0,
        0,
        0,
        0,
        0,
        0,
        0
      ],
      "/Users/Meder/Desktop/TradeRev/software-developer-coding-challenge/app/seeders/user_seeder.rb": [
        0,
        0,
        0,
        0,
        0,
        0,
        0,
        0,
        0,
        0,
        0,
        0,
        0,
        0,
        0,
        0,
        0,
        0,
        0,
        0,
        0,
        0,
        0,
        0,
        0,
        0,
        0,
        0,
        0,
        0,
        0,
        0,
        null,
        0,
        0,
        0,
        0,
        0,
        0,
        0,
        0,
        0
      ],
      "/Users/Meder/Desktop/TradeRev/software-developer-coding-challenge/app/jobs/application_job.rb": [
        0,
        0
      ],
      "/Users/Meder/Desktop/TradeRev/software-developer-coding-challenge/app/controllers/application_controller.rb": [
        0,
        0,
        0,
        null,
        0,
        null,
        0,
        0,
        0,
        0,
        0
      ],
      "/Users/Meder/Desktop/TradeRev/software-developer-coding-challenge/app/controllers/auctions_controller.rb": [
        0,
        0,
        0,
        null,
        null,
        0,
        0,
        0,
        null,
        null,
        0,
        0,
        0,
        0,
        0,
        null,
        null,
        0,
        0,
        0,
        null,
        null,
        0,
        0,
        null,
        null,
        0,
        0,
        0,
        0,
        0,
        0,
        0,
        0,
        0,
        0,
        0,
        null,
        null,
        0,
        0,
        0,
        0,
        0,
        0,
        0,
        null,
        null,
        0,
        0,
        0,
        0,
        null,
        0,
        null,
        0,
        0,
        0,
        null,
        null,
        0,
        0,
        0,
        null,
        null,
        0,
        0,
        0,
        0
      ],
      "/Users/Meder/Desktop/TradeRev/software-developer-coding-challenge/app/controllers/users_controller.rb": [
        0,
        0,
        0,
        0,
        null,
        0,
        0,
        0,
        0
      ],
      "/Users/Meder/Desktop/TradeRev/software-developer-coding-challenge/app/controllers/home_controller.rb": [
        0,
        0,
        0,
        0,
        0
      ],
      "/Users/Meder/Desktop/TradeRev/software-developer-coding-challenge/app/controllers/bids_controller.rb": [
        0,
        0,
        null,
        null,
        0,
        0,
        0,
        0,
        null,
        0,
        0,
        0,
        0,
        0,
        0,
        0,
        null,
        0,
        null,
        null,
        0,
        0,
        0,
        0,
        0,
        0,
        null,
        null,
        0,
        0,
        0,
        0
      ],
      "/Users/Meder/Desktop/TradeRev/software-developer-coding-challenge/app/helpers/users_helper.rb": [
        0,
        0
      ],
      "/Users/Meder/Desktop/TradeRev/software-developer-coding-challenge/app/helpers/bids_helper.rb": [
        0,
        0
      ],
      "/Users/Meder/Desktop/TradeRev/software-developer-coding-challenge/app/helpers/home_helper.rb": [
        0,
        0
      ],
      "/Users/Meder/Desktop/TradeRev/software-developer-coding-challenge/app/helpers/application_helper.rb": [
        0,
        0
      ],
      "/Users/Meder/Desktop/TradeRev/software-developer-coding-challenge/app/channels/application_cable/connection.rb": [
        0,
        0,
        0,
        0
      ],
      "/Users/Meder/Desktop/TradeRev/software-developer-coding-challenge/app/channels/application_cable/channel.rb": [
        0,
        0,
        0,
        0
      ]
    },
    "timestamp": 1585358449
  }
}
