{
  "RSpec": {
    "coverage": {
      "/Users/Meder/Desktop/TradeRev/software-developer-coding-challenge/app/models/user.rb": [
        1,
        null,
        null,
        null,
        1,
        1,
        null,
        1,
        null,
        null,
        1,
        1,
        1,
        null,
        null,
        null,
        null
      ],
      "/Users/Meder/Desktop/TradeRev/software-developer-coding-challenge/app/models/application_record.rb": [
        1,
        1,
        null
      ],
      "/Users/Meder/Desktop/TradeRev/software-developer-coding-challenge/app/helpers/application_helper.rb": [
        1,
        null
      ],
      "/Users/Meder/Desktop/TradeRev/software-developer-coding-challenge/app/helpers/bids_helper.rb": [
        1,
        null
      ],
      "/Users/Meder/Desktop/TradeRev/software-developer-coding-challenge/app/helpers/home_helper.rb": [
        1,
        null
      ],
      "/Users/Meder/Desktop/TradeRev/software-developer-coding-challenge/app/helpers/users_helper.rb": [
        1,
        null
      ],
      "/Users/Meder/Desktop/TradeRev/software-developer-coding-challenge/app/controllers/users_controller.rb": [
        1,
        1,
        0,
        null,
        null,
        1,
        1,
        null,
        null
      ],
      "/Users/Meder/Desktop/TradeRev/software-developer-coding-challenge/app/controllers/application_controller.rb": [
        1,
        1,
        1,
        null,
        1,
        null,
        1,
        32,
        32,
        null,
        null
      ],
      "/Users/Meder/Desktop/TradeRev/software-developer-coding-challenge/app/controllers/auctions_controller.rb": [
        1,
        1,
        1,
        null,
        null,
        1,
        3,
        null,
        null,
        null,
        1,
        6,
        6,
        6,
        null,
        null,
        null,
        1,
        3,
        null,
        null,
        null,
        1,
        null,
        null,
        null,
        1,
        7,
        7,
        7,
        7,
        4,
        null,
        3,
        3,
        null,
        null,
        null,
        null,
        1,
        3,
        2,
        null,
        1,
        null,
        null,
        null,
        null,
        1,
        2,
        2,
        null,
        null,
        1,
        null,
        1,
        18,
        null,
        null,
        null,
        1,
        7,
        null,
        null,
        null,
        1,
        10,
        null,
        null
      ],
      "/Users/Meder/Desktop/TradeRev/software-developer-coding-challenge/app/controllers/bids_controller.rb": [
        1,
        1,
        null,
        null,
        1,
        10,
        10,
        10,
        null,
        10,
        5,
        5,
        null,
        5,
        null,
        null,
        null,
        1,
        null,
        null,
        1,
        5,
        5,
        null,
        5,
        null,
        null,
        null,
        1,
        10,
        null,
        null
      ],
      "/Users/Meder/Desktop/TradeRev/software-developer-coding-challenge/app/controllers/home_controller.rb": [
        1,
        1,
        18,
        null,
        null
      ],
      "/Users/Meder/Desktop/TradeRev/software-developer-coding-challenge/app/models/auction.rb": [
        1,
        1,
        1,
        1,
        null,
        1,
        1,
        1,
        1,
        1,
        null
      ],
      "/Users/Meder/Desktop/TradeRev/software-developer-coding-challenge/app/uploaders/image_uploader.rb": [
        1,
        null,
        null,
        1,
        null,
        null,
        1,
        null,
        null,
        null,
        null,
        1,
        92,
        null,
        null,
        null,
        null,
        null,
        null,
        null,
        null,
        null,
        null,
        null,
        null,
        null,
        null,
        null,
        null,
        null,
        null,
        null,
        null,
        null,
        null,
        1,
        1,
        null,
        null,
        null,
        null,
        1,
        156,
        null,
        null,
        null,
        null,
        null,
        null,
        null,
        null
      ],
      "/Users/Meder/Desktop/TradeRev/software-developer-coding-challenge/app/models/bid.rb": [
        1,
        1,
        1,
        null,
        1,
        1,
        1,
        null,
        1,
        10,
        null,
        null
      ],
      "/Users/Meder/Desktop/TradeRev/software-developer-coding-challenge/app/seeders/auction_seeder.rb": [
        1,
        null,
        null,
        1,
        null,
        null,
        null,
        null,
        null,
        null,
        null,
        null,
        null,
        null,
        null,
        null,
        null,
        null,
        null,
        null,
        null,
        null,
        null,
        null,
        null,
        null,
        null,
        null,
        null,
        null,
        null,
        null,
        null,
        null,
        null,
        null,
        null,
        null,
        null,
        null,
        null,
        null,
        null,
        null,
        null,
        null,
        null,
        null,
        null,
        null,
        null,
        null,
        null,
        null,
        1,
        2,
        14,
        14,
        14,
        14,
        null,
        null,
        null
      ],
      "/Users/Meder/Desktop/TradeRev/software-developer-coding-challenge/app/seeders/user_seeder.rb": [
        1,
        null,
        null,
        1,
        null,
        null,
        null,
        null,
        null,
        null,
        null,
        null,
        null,
        null,
        null,
        null,
        null,
        null,
        null,
        null,
        null,
        null,
        null,
        null,
        null,
        null,
        null,
        null,
        null,
        null,
        null,
        null,
        null,
        1,
        2,
        8,
        8,
        8,
        8,
        null,
        null,
        null
      ]
    },
    "timestamp": 1585430757
  }
}
